==9674== Memcheck, a memory error detector
==9674== Copyright (C) 2002-2015, and GNU GPL'd, by Julian Seward et al.
==9674== Using Valgrind-3.12.0 and LibVEX; rerun with -h for copyright info
==9674== Command: ./mlfit1sn
==9674== Parent PID: 10044
==9674== 
--9674-- 
--9674-- Valgrind options:
--9674--    -v
--9674--    --tool=memcheck
--9674--    --leak-check=full
--9674--    --num-callers=40
--9674--    --track-origins=yes
--9674--    --log-file=valgrind.log
--9674-- Contents of /proc/version:
--9674--   Linux version 4.10.0-21-generic (buildd@lgw01-12) (gcc version 6.3.0 20170406 (Ubuntu 6.3.0-12ubuntu2) ) #23-Ubuntu SMP Fri Apr 28 16:14:22 UTC 2017
--9674-- 
--9674-- Arch and hwcaps: AMD64, LittleEndian, amd64-cx16-lzcnt-rdtscp-sse3-avx-avx2-bmi
--9674-- Page sizes: currently 4096, max supported 4096
--9674-- Valgrind library directory: /usr/lib/valgrind
--9674-- Reading syms from /home/erikw/code/dotter_matlab/common/mex/mlfit1sn
--9674-- Reading syms from /lib/x86_64-linux-gnu/ld-2.24.so
--9674--   Considering /lib/x86_64-linux-gnu/ld-2.24.so ..
--9674--   .. CRC mismatch (computed 4b0c5a7e wanted 89f5325d)
--9674--   Considering /usr/lib/debug/lib/x86_64-linux-gnu/ld-2.24.so ..
--9674--   .. CRC is valid
--9674-- Reading syms from /usr/lib/valgrind/memcheck-amd64-linux
--9674--   Considering /usr/lib/valgrind/memcheck-amd64-linux ..
--9674--   .. CRC mismatch (computed 0c6557f0 wanted 05d129da)
--9674--    object doesn't have a symbol table
--9674--    object doesn't have a dynamic symbol table
--9674-- Scheduler: using generic scheduler lock implementation.
--9674-- Reading suppressions file: /usr/lib/valgrind/default.supp
==9674== embedded gdbserver: reading from /tmp/vgdb-pipe-from-vgdb-to-9674-by-erikw-on-???
==9674== embedded gdbserver: writing to   /tmp/vgdb-pipe-to-vgdb-from-9674-by-erikw-on-???
==9674== embedded gdbserver: shared mem   /tmp/vgdb-pipe-shared-mem-vgdb-9674-by-erikw-on-???
==9674== 
==9674== TO CONTROL THIS PROCESS USING vgdb (which you probably
==9674== don't want to do, unless you know exactly what you're doing,
==9674== or are doing some strange experiment):
==9674==   /usr/lib/valgrind/../../bin/vgdb --pid=9674 ...command...
==9674== 
==9674== TO DEBUG THIS PROCESS USING GDB: start GDB like this
==9674==   /path/to/gdb ./mlfit1sn
==9674== and then give GDB the following command
==9674==   target remote | /usr/lib/valgrind/../../bin/vgdb --pid=9674
==9674== --pid is optional if only one valgrind process is running
==9674== 
--9674-- REDIR: 0x401d280 (ld-linux-x86-64.so.2:strlen) redirected to 0x380a60d1 (???)
--9674-- REDIR: 0x401bbd0 (ld-linux-x86-64.so.2:index) redirected to 0x380a60eb (???)
--9674-- Reading syms from /usr/lib/valgrind/vgpreload_core-amd64-linux.so
--9674--   Considering /usr/lib/valgrind/vgpreload_core-amd64-linux.so ..
--9674--   .. CRC mismatch (computed ba3d7848 wanted 1d52bd56)
--9674--    object doesn't have a symbol table
--9674-- Reading syms from /usr/lib/valgrind/vgpreload_memcheck-amd64-linux.so
--9674--   Considering /usr/lib/valgrind/vgpreload_memcheck-amd64-linux.so ..
--9674--   .. CRC mismatch (computed 465d8388 wanted 844eb6c4)
--9674--    object doesn't have a symbol table
==9674== WARNING: new redirection conflicts with existing -- ignoring it
--9674--     old: 0x0401d280 (strlen              ) R-> (0000.0) 0x380a60d1 ???
--9674--     new: 0x0401d280 (strlen              ) R-> (2007.0) 0x04c30de0 strlen
--9674-- REDIR: 0x401bdf0 (ld-linux-x86-64.so.2:strcmp) redirected to 0x4c31ee0 (strcmp)
--9674-- REDIR: 0x401dd90 (ld-linux-x86-64.so.2:mempcpy) redirected to 0x4c352b0 (mempcpy)
--9674-- Reading syms from /lib/x86_64-linux-gnu/libm-2.24.so
--9674--   Considering /lib/x86_64-linux-gnu/libm-2.24.so ..
--9674--   .. CRC mismatch (computed b2dd8656 wanted ec5f79b7)
--9674--   Considering /usr/lib/debug/lib/x86_64-linux-gnu/libm-2.24.so ..
--9674--   .. CRC is valid
--9674-- Reading syms from /usr/lib/x86_64-linux-gnu/libgsl.so.19.3.0
--9674--    object doesn't have a symbol table
--9674-- Reading syms from /usr/lib/x86_64-linux-gnu/libgslcblas.so.0.0.0
--9674--    object doesn't have a symbol table
--9674-- Reading syms from /lib/x86_64-linux-gnu/libc-2.24.so
--9674--   Considering /lib/x86_64-linux-gnu/libc-2.24.so ..
--9674--   .. CRC mismatch (computed 1f08dfe0 wanted 2cd0873a)
--9674--   Considering /usr/lib/debug/lib/x86_64-linux-gnu/libc-2.24.so ..
--9674--   .. CRC is valid
--9674-- REDIR: 0x5868020 (libc.so.6:strcasecmp) redirected to 0x4a28740 (_vgnU_ifunc_wrapper)
--9674-- REDIR: 0x5863990 (libc.so.6:strcspn) redirected to 0x4a28740 (_vgnU_ifunc_wrapper)
--9674-- REDIR: 0x586a310 (libc.so.6:strncasecmp) redirected to 0x4a28740 (_vgnU_ifunc_wrapper)
--9674-- REDIR: 0x5865e00 (libc.so.6:strpbrk) redirected to 0x4a28740 (_vgnU_ifunc_wrapper)
--9674-- REDIR: 0x5866190 (libc.so.6:strspn) redirected to 0x4a28740 (_vgnU_ifunc_wrapper)
--9674-- REDIR: 0x58676a0 (libc.so.6:memmove) redirected to 0x4a28740 (_vgnU_ifunc_wrapper)
--9674-- REDIR: 0x5865b10 (libc.so.6:rindex) redirected to 0x4c30770 (rindex)
--9674-- REDIR: 0x586e3c0 (libc.so.6:strchrnul) redirected to 0x4c34de0 (strchrnul)
--9674-- REDIR: 0x5863e30 (libc.so.6:strlen) redirected to 0x4c30d20 (strlen)
--9674-- REDIR: 0x585cd30 (libc.so.6:malloc) redirected to 0x4c2dac0 (malloc)
--9674-- REDIR: 0x5867790 (libc.so.6:__GI_mempcpy) redirected to 0x4c34fe0 (__GI_mempcpy)
==9674== Warning: set address range perms: large range [0x5f9e040, 0x23f9e040) (undefined)
--9674-- REDIR: 0x58677b0 (libc.so.6:memcpy@GLIBC_2.2.5) redirected to 0x4c32040 (memcpy@GLIBC_2.2.5)
--9674-- REDIR: 0x585d0e0 (libc.so.6:free) redirected to 0x4c2ecf0 (free)
--9674-- REDIR: 0x5867b50 (libc.so.6:memset) redirected to 0x4a28740 (_vgnU_ifunc_wrapper)
--9674-- REDIR: 0x5926fb0 (libc.so.6:__memset_avx2_unaligned_erms) redirected to 0x4c34440 (memset)
==9674== Conditional jump or move depends on uninitialised value(s)
==9674==    at 0x524E8CB: ??? (in /usr/lib/x86_64-linux-gnu/libgsl.so.19.3.0)
==9674==    by 0x1093FB: mlfit1sn_dot (mlfit1sn.c:202)
==9674==    by 0x109A9B: mlfit1sn (mlfit1sn.c:278)
==9674==    by 0x109A9B: unit_tests (mlfit1sn.c:346)
==9674==    by 0x57F73F0: (below main) (libc-start.c:291)
==9674==  Uninitialised value was created by a heap allocation
==9674==    at 0x4C2DB2F: malloc (in /usr/lib/valgrind/vgpreload_memcheck-amd64-linux.so)
==9674==    by 0x519313C: gsl_block_alloc (in /usr/lib/x86_64-linux-gnu/libgsl.so.19.3.0)
==9674==    by 0x5300887: gsl_vector_alloc (in /usr/lib/x86_64-linux-gnu/libgsl.so.19.3.0)
==9674==    by 0x524ED76: ??? (in /usr/lib/x86_64-linux-gnu/libgsl.so.19.3.0)
==9674==    by 0x524D2EF: gsl_multimin_fminimizer_alloc (in /usr/lib/x86_64-linux-gnu/libgsl.so.19.3.0)
==9674==    by 0x1093B9: mlfit1sn_dot (mlfit1sn.c:196)
==9674==    by 0x109A9B: mlfit1sn (mlfit1sn.c:278)
==9674==    by 0x109A9B: unit_tests (mlfit1sn.c:346)
==9674==    by 0x57F73F0: (below main) (libc-start.c:291)
==9674== 
==9674== Conditional jump or move depends on uninitialised value(s)
==9674==    at 0x524E8A4: ??? (in /usr/lib/x86_64-linux-gnu/libgsl.so.19.3.0)
==9674==    by 0x1093FB: mlfit1sn_dot (mlfit1sn.c:202)
==9674==    by 0x109A9B: mlfit1sn (mlfit1sn.c:278)
==9674==    by 0x109A9B: unit_tests (mlfit1sn.c:346)
==9674==    by 0x57F73F0: (below main) (libc-start.c:291)
==9674==  Uninitialised value was created by a heap allocation
==9674==    at 0x4C2DB2F: malloc (in /usr/lib/valgrind/vgpreload_memcheck-amd64-linux.so)
==9674==    by 0x519313C: gsl_block_alloc (in /usr/lib/x86_64-linux-gnu/libgsl.so.19.3.0)
==9674==    by 0x5300887: gsl_vector_alloc (in /usr/lib/x86_64-linux-gnu/libgsl.so.19.3.0)
==9674==    by 0x524ED76: ??? (in /usr/lib/x86_64-linux-gnu/libgsl.so.19.3.0)
==9674==    by 0x524D2EF: gsl_multimin_fminimizer_alloc (in /usr/lib/x86_64-linux-gnu/libgsl.so.19.3.0)
==9674==    by 0x1093B9: mlfit1sn_dot (mlfit1sn.c:196)
==9674==    by 0x109A9B: mlfit1sn (mlfit1sn.c:278)
==9674==    by 0x109A9B: unit_tests (mlfit1sn.c:346)
==9674==    by 0x57F73F0: (below main) (libc-start.c:291)
==9674== 
==9674== Conditional jump or move depends on uninitialised value(s)
==9674==    at 0x524E8AE: ??? (in /usr/lib/x86_64-linux-gnu/libgsl.so.19.3.0)
==9674==    by 0x1093FB: mlfit1sn_dot (mlfit1sn.c:202)
==9674==    by 0x109A9B: mlfit1sn (mlfit1sn.c:278)
==9674==    by 0x109A9B: unit_tests (mlfit1sn.c:346)
==9674==    by 0x57F73F0: (below main) (libc-start.c:291)
==9674==  Uninitialised value was created by a heap allocation
==9674==    at 0x4C2DB2F: malloc (in /usr/lib/valgrind/vgpreload_memcheck-amd64-linux.so)
==9674==    by 0x519313C: gsl_block_alloc (in /usr/lib/x86_64-linux-gnu/libgsl.so.19.3.0)
==9674==    by 0x5300887: gsl_vector_alloc (in /usr/lib/x86_64-linux-gnu/libgsl.so.19.3.0)
==9674==    by 0x524ED76: ??? (in /usr/lib/x86_64-linux-gnu/libgsl.so.19.3.0)
==9674==    by 0x524D2EF: gsl_multimin_fminimizer_alloc (in /usr/lib/x86_64-linux-gnu/libgsl.so.19.3.0)
==9674==    by 0x1093B9: mlfit1sn_dot (mlfit1sn.c:196)
==9674==    by 0x109A9B: mlfit1sn (mlfit1sn.c:278)
==9674==    by 0x109A9B: unit_tests (mlfit1sn.c:346)
==9674==    by 0x57F73F0: (below main) (libc-start.c:291)
==9674== 
==9674== Conditional jump or move depends on uninitialised value(s)
==9674==    at 0x108F92: my_f (mlfit1sn.c:110)
==9674==    by 0x524E44F: ??? (in /usr/lib/x86_64-linux-gnu/libgsl.so.19.3.0)
==9674==    by 0x524E923: ??? (in /usr/lib/x86_64-linux-gnu/libgsl.so.19.3.0)
==9674==    by 0x1093FB: mlfit1sn_dot (mlfit1sn.c:202)
==9674==    by 0x109A9B: mlfit1sn (mlfit1sn.c:278)
==9674==    by 0x109A9B: unit_tests (mlfit1sn.c:346)
==9674==    by 0x57F73F0: (below main) (libc-start.c:291)
==9674==  Uninitialised value was created by a heap allocation
==9674==    at 0x4C2DB2F: malloc (in /usr/lib/valgrind/vgpreload_memcheck-amd64-linux.so)
==9674==    by 0x519313C: gsl_block_alloc (in /usr/lib/x86_64-linux-gnu/libgsl.so.19.3.0)
==9674==    by 0x5300887: gsl_vector_alloc (in /usr/lib/x86_64-linux-gnu/libgsl.so.19.3.0)
==9674==    by 0x524EDB1: ??? (in /usr/lib/x86_64-linux-gnu/libgsl.so.19.3.0)
==9674==    by 0x524D2EF: gsl_multimin_fminimizer_alloc (in /usr/lib/x86_64-linux-gnu/libgsl.so.19.3.0)
==9674==    by 0x1093B9: mlfit1sn_dot (mlfit1sn.c:196)
==9674==    by 0x109A9B: mlfit1sn (mlfit1sn.c:278)
==9674==    by 0x109A9B: unit_tests (mlfit1sn.c:346)
==9674==    by 0x57F73F0: (below main) (libc-start.c:291)
==9674== 
==9674== Conditional jump or move depends on uninitialised value(s)
==9674==    at 0x108FA8: my_f (mlfit1sn.c:113)
==9674==    by 0x524E44F: ??? (in /usr/lib/x86_64-linux-gnu/libgsl.so.19.3.0)
==9674==    by 0x524E923: ??? (in /usr/lib/x86_64-linux-gnu/libgsl.so.19.3.0)
==9674==    by 0x1093FB: mlfit1sn_dot (mlfit1sn.c:202)
==9674==    by 0x109A9B: mlfit1sn (mlfit1sn.c:278)
==9674==    by 0x109A9B: unit_tests (mlfit1sn.c:346)
==9674==    by 0x57F73F0: (below main) (libc-start.c:291)
==9674==  Uninitialised value was created by a heap allocation
==9674==    at 0x4C2DB2F: malloc (in /usr/lib/valgrind/vgpreload_memcheck-amd64-linux.so)
==9674==    by 0x519313C: gsl_block_alloc (in /usr/lib/x86_64-linux-gnu/libgsl.so.19.3.0)
==9674==    by 0x5300887: gsl_vector_alloc (in /usr/lib/x86_64-linux-gnu/libgsl.so.19.3.0)
==9674==    by 0x524EDB1: ??? (in /usr/lib/x86_64-linux-gnu/libgsl.so.19.3.0)
==9674==    by 0x524D2EF: gsl_multimin_fminimizer_alloc (in /usr/lib/x86_64-linux-gnu/libgsl.so.19.3.0)
==9674==    by 0x1093B9: mlfit1sn_dot (mlfit1sn.c:196)
==9674==    by 0x109A9B: mlfit1sn (mlfit1sn.c:278)
==9674==    by 0x109A9B: unit_tests (mlfit1sn.c:346)
==9674==    by 0x57F73F0: (below main) (libc-start.c:291)
==9674== 
==9674== Conditional jump or move depends on uninitialised value(s)
==9674==    at 0x4E510FA: erf (s_erf.c:202)
==9674==    by 0x10A9B4: gaussianInt2 (gaussianInt2.c:87)
==9674==    by 0x108FDD: my_f (mlfit1sn.c:118)
==9674==    by 0x524E44F: ??? (in /usr/lib/x86_64-linux-gnu/libgsl.so.19.3.0)
==9674==    by 0x524E923: ??? (in /usr/lib/x86_64-linux-gnu/libgsl.so.19.3.0)
==9674==    by 0x1093FB: mlfit1sn_dot (mlfit1sn.c:202)
==9674==    by 0x109A9B: mlfit1sn (mlfit1sn.c:278)
==9674==    by 0x109A9B: unit_tests (mlfit1sn.c:346)
==9674==    by 0x57F73F0: (below main) (libc-start.c:291)
==9674==  Uninitialised value was created by a heap allocation
==9674==    at 0x4C2DB2F: malloc (in /usr/lib/valgrind/vgpreload_memcheck-amd64-linux.so)
==9674==    by 0x519313C: gsl_block_alloc (in /usr/lib/x86_64-linux-gnu/libgsl.so.19.3.0)
==9674==    by 0x5300887: gsl_vector_alloc (in /usr/lib/x86_64-linux-gnu/libgsl.so.19.3.0)
==9674==    by 0x524EDB1: ??? (in /usr/lib/x86_64-linux-gnu/libgsl.so.19.3.0)
==9674==    by 0x524D2EF: gsl_multimin_fminimizer_alloc (in /usr/lib/x86_64-linux-gnu/libgsl.so.19.3.0)
==9674==    by 0x1093B9: mlfit1sn_dot (mlfit1sn.c:196)
==9674==    by 0x109A9B: mlfit1sn (mlfit1sn.c:278)
==9674==    by 0x109A9B: unit_tests (mlfit1sn.c:346)
==9674==    by 0x57F73F0: (below main) (libc-start.c:291)
==9674== 
==9674== Conditional jump or move depends on uninitialised value(s)
==9674==    at 0x4E510FA: erf (s_erf.c:202)
==9674==    by 0x10A9ED: gaussianInt2 (gaussianInt2.c:88)
==9674==    by 0x108FDD: my_f (mlfit1sn.c:118)
==9674==    by 0x524E44F: ??? (in /usr/lib/x86_64-linux-gnu/libgsl.so.19.3.0)
==9674==    by 0x524E923: ??? (in /usr/lib/x86_64-linux-gnu/libgsl.so.19.3.0)
==9674==    by 0x1093FB: mlfit1sn_dot (mlfit1sn.c:202)
==9674==    by 0x109A9B: mlfit1sn (mlfit1sn.c:278)
==9674==    by 0x109A9B: unit_tests (mlfit1sn.c:346)
==9674==    by 0x57F73F0: (below main) (libc-start.c:291)
==9674==  Uninitialised value was created by a heap allocation
==9674==    at 0x4C2DB2F: malloc (in /usr/lib/valgrind/vgpreload_memcheck-amd64-linux.so)
==9674==    by 0x519313C: gsl_block_alloc (in /usr/lib/x86_64-linux-gnu/libgsl.so.19.3.0)
==9674==    by 0x5300887: gsl_vector_alloc (in /usr/lib/x86_64-linux-gnu/libgsl.so.19.3.0)
==9674==    by 0x524EDB1: ??? (in /usr/lib/x86_64-linux-gnu/libgsl.so.19.3.0)
==9674==    by 0x524D2EF: gsl_multimin_fminimizer_alloc (in /usr/lib/x86_64-linux-gnu/libgsl.so.19.3.0)
==9674==    by 0x1093B9: mlfit1sn_dot (mlfit1sn.c:196)
==9674==    by 0x109A9B: mlfit1sn (mlfit1sn.c:278)
==9674==    by 0x109A9B: unit_tests (mlfit1sn.c:346)
==9674==    by 0x57F73F0: (below main) (libc-start.c:291)
==9674== 
==9674== Conditional jump or move depends on uninitialised value(s)
==9674==    at 0x4E5C0E8: log (w_log.c:28)
==9674==    by 0x1090EF: my_f (mlfit1sn.c:135)
==9674==    by 0x524E44F: ??? (in /usr/lib/x86_64-linux-gnu/libgsl.so.19.3.0)
==9674==    by 0x524E923: ??? (in /usr/lib/x86_64-linux-gnu/libgsl.so.19.3.0)
==9674==    by 0x1093FB: mlfit1sn_dot (mlfit1sn.c:202)
==9674==    by 0x109A9B: mlfit1sn (mlfit1sn.c:278)
==9674==    by 0x109A9B: unit_tests (mlfit1sn.c:346)
==9674==    by 0x57F73F0: (below main) (libc-start.c:291)
==9674==  Uninitialised value was created by a heap allocation
==9674==    at 0x4C2DB2F: malloc (in /usr/lib/valgrind/vgpreload_memcheck-amd64-linux.so)
==9674==    by 0x519313C: gsl_block_alloc (in /usr/lib/x86_64-linux-gnu/libgsl.so.19.3.0)
==9674==    by 0x5300887: gsl_vector_alloc (in /usr/lib/x86_64-linux-gnu/libgsl.so.19.3.0)
==9674==    by 0x524EDB1: ??? (in /usr/lib/x86_64-linux-gnu/libgsl.so.19.3.0)
==9674==    by 0x524D2EF: gsl_multimin_fminimizer_alloc (in /usr/lib/x86_64-linux-gnu/libgsl.so.19.3.0)
==9674==    by 0x1093B9: mlfit1sn_dot (mlfit1sn.c:196)
==9674==    by 0x109A9B: mlfit1sn (mlfit1sn.c:278)
==9674==    by 0x109A9B: unit_tests (mlfit1sn.c:346)
==9674==    by 0x57F73F0: (below main) (libc-start.c:291)
==9674== 
==9674== Conditional jump or move depends on uninitialised value(s)
==9674==    at 0x4E5C100: log (w_log.c:30)
==9674==    by 0x1090EF: my_f (mlfit1sn.c:135)
==9674==    by 0x524E44F: ??? (in /usr/lib/x86_64-linux-gnu/libgsl.so.19.3.0)
==9674==    by 0x524E923: ??? (in /usr/lib/x86_64-linux-gnu/libgsl.so.19.3.0)
==9674==    by 0x1093FB: mlfit1sn_dot (mlfit1sn.c:202)
==9674==    by 0x109A9B: mlfit1sn (mlfit1sn.c:278)
==9674==    by 0x109A9B: unit_tests (mlfit1sn.c:346)
==9674==    by 0x57F73F0: (below main) (libc-start.c:291)
==9674==  Uninitialised value was created by a heap allocation
==9674==    at 0x4C2DB2F: malloc (in /usr/lib/valgrind/vgpreload_memcheck-amd64-linux.so)
==9674==    by 0x519313C: gsl_block_alloc (in /usr/lib/x86_64-linux-gnu/libgsl.so.19.3.0)
==9674==    by 0x5300887: gsl_vector_alloc (in /usr/lib/x86_64-linux-gnu/libgsl.so.19.3.0)
==9674==    by 0x524EDB1: ??? (in /usr/lib/x86_64-linux-gnu/libgsl.so.19.3.0)
==9674==    by 0x524D2EF: gsl_multimin_fminimizer_alloc (in /usr/lib/x86_64-linux-gnu/libgsl.so.19.3.0)
==9674==    by 0x1093B9: mlfit1sn_dot (mlfit1sn.c:196)
==9674==    by 0x109A9B: mlfit1sn (mlfit1sn.c:278)
==9674==    by 0x109A9B: unit_tests (mlfit1sn.c:346)
==9674==    by 0x57F73F0: (below main) (libc-start.c:291)
==9674== 
==9674== Conditional jump or move depends on uninitialised value(s)
==9674==    at 0x4E5C102: log (w_log.c:30)
==9674==    by 0x1090EF: my_f (mlfit1sn.c:135)
==9674==    by 0x524E44F: ??? (in /usr/lib/x86_64-linux-gnu/libgsl.so.19.3.0)
==9674==    by 0x524E923: ??? (in /usr/lib/x86_64-linux-gnu/libgsl.so.19.3.0)
==9674==    by 0x1093FB: mlfit1sn_dot (mlfit1sn.c:202)
==9674==    by 0x109A9B: mlfit1sn (mlfit1sn.c:278)
==9674==    by 0x109A9B: unit_tests (mlfit1sn.c:346)
==9674==    by 0x57F73F0: (below main) (libc-start.c:291)
==9674==  Uninitialised value was created by a heap allocation
==9674==    at 0x4C2DB2F: malloc (in /usr/lib/valgrind/vgpreload_memcheck-amd64-linux.so)
==9674==    by 0x519313C: gsl_block_alloc (in /usr/lib/x86_64-linux-gnu/libgsl.so.19.3.0)
==9674==    by 0x5300887: gsl_vector_alloc (in /usr/lib/x86_64-linux-gnu/libgsl.so.19.3.0)
==9674==    by 0x524EDB1: ??? (in /usr/lib/x86_64-linux-gnu/libgsl.so.19.3.0)
==9674==    by 0x524D2EF: gsl_multimin_fminimizer_alloc (in /usr/lib/x86_64-linux-gnu/libgsl.so.19.3.0)
==9674==    by 0x1093B9: mlfit1sn_dot (mlfit1sn.c:196)
==9674==    by 0x109A9B: mlfit1sn (mlfit1sn.c:278)
==9674==    by 0x109A9B: unit_tests (mlfit1sn.c:346)
==9674==    by 0x57F73F0: (below main) (libc-start.c:291)
==9674== 
==9674== Conditional jump or move depends on uninitialised value(s)
==9674==    at 0x524E937: ??? (in /usr/lib/x86_64-linux-gnu/libgsl.so.19.3.0)
==9674==    by 0x1093FB: mlfit1sn_dot (mlfit1sn.c:202)
==9674==    by 0x109A9B: mlfit1sn (mlfit1sn.c:278)
==9674==    by 0x109A9B: unit_tests (mlfit1sn.c:346)
==9674==    by 0x57F73F0: (below main) (libc-start.c:291)
==9674==  Uninitialised value was created by a heap allocation
==9674==    at 0x4C2DB2F: malloc (in /usr/lib/valgrind/vgpreload_memcheck-amd64-linux.so)
==9674==    by 0x519313C: gsl_block_alloc (in /usr/lib/x86_64-linux-gnu/libgsl.so.19.3.0)
==9674==    by 0x5300887: gsl_vector_alloc (in /usr/lib/x86_64-linux-gnu/libgsl.so.19.3.0)
==9674==    by 0x524EDB1: ??? (in /usr/lib/x86_64-linux-gnu/libgsl.so.19.3.0)
==9674==    by 0x524D2EF: gsl_multimin_fminimizer_alloc (in /usr/lib/x86_64-linux-gnu/libgsl.so.19.3.0)
==9674==    by 0x1093B9: mlfit1sn_dot (mlfit1sn.c:196)
==9674==    by 0x109A9B: mlfit1sn (mlfit1sn.c:278)
==9674==    by 0x109A9B: unit_tests (mlfit1sn.c:346)
==9674==    by 0x57F73F0: (below main) (libc-start.c:291)
==9674== 
==9674== Conditional jump or move depends on uninitialised value(s)
==9674==    at 0x524E975: ??? (in /usr/lib/x86_64-linux-gnu/libgsl.so.19.3.0)
==9674==    by 0x1093FB: mlfit1sn_dot (mlfit1sn.c:202)
==9674==    by 0x109A9B: mlfit1sn (mlfit1sn.c:278)
==9674==    by 0x109A9B: unit_tests (mlfit1sn.c:346)
==9674==    by 0x57F73F0: (below main) (libc-start.c:291)
==9674==  Uninitialised value was created by a heap allocation
==9674==    at 0x4C2DB2F: malloc (in /usr/lib/valgrind/vgpreload_memcheck-amd64-linux.so)
==9674==    by 0x519313C: gsl_block_alloc (in /usr/lib/x86_64-linux-gnu/libgsl.so.19.3.0)
==9674==    by 0x5300887: gsl_vector_alloc (in /usr/lib/x86_64-linux-gnu/libgsl.so.19.3.0)
==9674==    by 0x524EDB1: ??? (in /usr/lib/x86_64-linux-gnu/libgsl.so.19.3.0)
==9674==    by 0x524D2EF: gsl_multimin_fminimizer_alloc (in /usr/lib/x86_64-linux-gnu/libgsl.so.19.3.0)
==9674==    by 0x1093B9: mlfit1sn_dot (mlfit1sn.c:196)
==9674==    by 0x109A9B: mlfit1sn (mlfit1sn.c:278)
==9674==    by 0x109A9B: unit_tests (mlfit1sn.c:346)
==9674==    by 0x57F73F0: (below main) (libc-start.c:291)
==9674== 
==9674== Conditional jump or move depends on uninitialised value(s)
==9674==    at 0x524EA55: ??? (in /usr/lib/x86_64-linux-gnu/libgsl.so.19.3.0)
==9674==    by 0x1093FB: mlfit1sn_dot (mlfit1sn.c:202)
==9674==    by 0x109A9B: mlfit1sn (mlfit1sn.c:278)
==9674==    by 0x109A9B: unit_tests (mlfit1sn.c:346)
==9674==    by 0x57F73F0: (below main) (libc-start.c:291)
==9674==  Uninitialised value was created by a heap allocation
==9674==    at 0x4C2DB2F: malloc (in /usr/lib/valgrind/vgpreload_memcheck-amd64-linux.so)
==9674==    by 0x519313C: gsl_block_alloc (in /usr/lib/x86_64-linux-gnu/libgsl.so.19.3.0)
==9674==    by 0x5300887: gsl_vector_alloc (in /usr/lib/x86_64-linux-gnu/libgsl.so.19.3.0)
==9674==    by 0x524EDB1: ??? (in /usr/lib/x86_64-linux-gnu/libgsl.so.19.3.0)
==9674==    by 0x524D2EF: gsl_multimin_fminimizer_alloc (in /usr/lib/x86_64-linux-gnu/libgsl.so.19.3.0)
==9674==    by 0x1093B9: mlfit1sn_dot (mlfit1sn.c:196)
==9674==    by 0x109A9B: mlfit1sn (mlfit1sn.c:278)
==9674==    by 0x109A9B: unit_tests (mlfit1sn.c:346)
==9674==    by 0x57F73F0: (below main) (libc-start.c:291)
==9674== 
==9674== Conditional jump or move depends on uninitialised value(s)
==9674==    at 0x108F92: my_f (mlfit1sn.c:110)
==9674==    by 0x524E44F: ??? (in /usr/lib/x86_64-linux-gnu/libgsl.so.19.3.0)
==9674==    by 0x524EAA8: ??? (in /usr/lib/x86_64-linux-gnu/libgsl.so.19.3.0)
==9674==    by 0x1093FB: mlfit1sn_dot (mlfit1sn.c:202)
==9674==    by 0x109A9B: mlfit1sn (mlfit1sn.c:278)
==9674==    by 0x109A9B: unit_tests (mlfit1sn.c:346)
==9674==    by 0x57F73F0: (below main) (libc-start.c:291)
==9674==  Uninitialised value was created by a heap allocation
==9674==    at 0x4C2DB2F: malloc (in /usr/lib/valgrind/vgpreload_memcheck-amd64-linux.so)
==9674==    by 0x519313C: gsl_block_alloc (in /usr/lib/x86_64-linux-gnu/libgsl.so.19.3.0)
==9674==    by 0x5300887: gsl_vector_alloc (in /usr/lib/x86_64-linux-gnu/libgsl.so.19.3.0)
==9674==    by 0x524EDB1: ??? (in /usr/lib/x86_64-linux-gnu/libgsl.so.19.3.0)
==9674==    by 0x524D2EF: gsl_multimin_fminimizer_alloc (in /usr/lib/x86_64-linux-gnu/libgsl.so.19.3.0)
==9674==    by 0x1093B9: mlfit1sn_dot (mlfit1sn.c:196)
==9674==    by 0x109A9B: mlfit1sn (mlfit1sn.c:278)
==9674==    by 0x109A9B: unit_tests (mlfit1sn.c:346)
==9674==    by 0x57F73F0: (below main) (libc-start.c:291)
==9674== 
==9674== Conditional jump or move depends on uninitialised value(s)
==9674==    at 0x108FA8: my_f (mlfit1sn.c:113)
==9674==    by 0x524E44F: ??? (in /usr/lib/x86_64-linux-gnu/libgsl.so.19.3.0)
==9674==    by 0x524EAA8: ??? (in /usr/lib/x86_64-linux-gnu/libgsl.so.19.3.0)
==9674==    by 0x1093FB: mlfit1sn_dot (mlfit1sn.c:202)
==9674==    by 0x109A9B: mlfit1sn (mlfit1sn.c:278)
==9674==    by 0x109A9B: unit_tests (mlfit1sn.c:346)
==9674==    by 0x57F73F0: (below main) (libc-start.c:291)
==9674==  Uninitialised value was created by a heap allocation
==9674==    at 0x4C2DB2F: malloc (in /usr/lib/valgrind/vgpreload_memcheck-amd64-linux.so)
==9674==    by 0x519313C: gsl_block_alloc (in /usr/lib/x86_64-linux-gnu/libgsl.so.19.3.0)
==9674==    by 0x5300887: gsl_vector_alloc (in /usr/lib/x86_64-linux-gnu/libgsl.so.19.3.0)
==9674==    by 0x524EDB1: ??? (in /usr/lib/x86_64-linux-gnu/libgsl.so.19.3.0)
==9674==    by 0x524D2EF: gsl_multimin_fminimizer_alloc (in /usr/lib/x86_64-linux-gnu/libgsl.so.19.3.0)
==9674==    by 0x1093B9: mlfit1sn_dot (mlfit1sn.c:196)
==9674==    by 0x109A9B: mlfit1sn (mlfit1sn.c:278)
==9674==    by 0x109A9B: unit_tests (mlfit1sn.c:346)
==9674==    by 0x57F73F0: (below main) (libc-start.c:291)
==9674== 
==9674== Conditional jump or move depends on uninitialised value(s)
==9674==    at 0x4E5C0E8: log (w_log.c:28)
==9674==    by 0x1090EF: my_f (mlfit1sn.c:135)
==9674==    by 0x524E44F: ??? (in /usr/lib/x86_64-linux-gnu/libgsl.so.19.3.0)
==9674==    by 0x524EAA8: ??? (in /usr/lib/x86_64-linux-gnu/libgsl.so.19.3.0)
==9674==    by 0x1093FB: mlfit1sn_dot (mlfit1sn.c:202)
==9674==    by 0x109A9B: mlfit1sn (mlfit1sn.c:278)
==9674==    by 0x109A9B: unit_tests (mlfit1sn.c:346)
==9674==    by 0x57F73F0: (below main) (libc-start.c:291)
==9674==  Uninitialised value was created by a heap allocation
==9674==    at 0x4C2DB2F: malloc (in /usr/lib/valgrind/vgpreload_memcheck-amd64-linux.so)
==9674==    by 0x519313C: gsl_block_alloc (in /usr/lib/x86_64-linux-gnu/libgsl.so.19.3.0)
==9674==    by 0x5300887: gsl_vector_alloc (in /usr/lib/x86_64-linux-gnu/libgsl.so.19.3.0)
==9674==    by 0x524EDB1: ??? (in /usr/lib/x86_64-linux-gnu/libgsl.so.19.3.0)
==9674==    by 0x524D2EF: gsl_multimin_fminimizer_alloc (in /usr/lib/x86_64-linux-gnu/libgsl.so.19.3.0)
==9674==    by 0x1093B9: mlfit1sn_dot (mlfit1sn.c:196)
==9674==    by 0x109A9B: mlfit1sn (mlfit1sn.c:278)
==9674==    by 0x109A9B: unit_tests (mlfit1sn.c:346)
==9674==    by 0x57F73F0: (below main) (libc-start.c:291)
==9674== 
==9674== Conditional jump or move depends on uninitialised value(s)
==9674==    at 0x4E5C100: log (w_log.c:30)
==9674==    by 0x1090EF: my_f (mlfit1sn.c:135)
==9674==    by 0x524E44F: ??? (in /usr/lib/x86_64-linux-gnu/libgsl.so.19.3.0)
==9674==    by 0x524EAA8: ??? (in /usr/lib/x86_64-linux-gnu/libgsl.so.19.3.0)
==9674==    by 0x1093FB: mlfit1sn_dot (mlfit1sn.c:202)
==9674==    by 0x109A9B: mlfit1sn (mlfit1sn.c:278)
==9674==    by 0x109A9B: unit_tests (mlfit1sn.c:346)
==9674==    by 0x57F73F0: (below main) (libc-start.c:291)
==9674==  Uninitialised value was created by a heap allocation
==9674==    at 0x4C2DB2F: malloc (in /usr/lib/valgrind/vgpreload_memcheck-amd64-linux.so)
==9674==    by 0x519313C: gsl_block_alloc (in /usr/lib/x86_64-linux-gnu/libgsl.so.19.3.0)
==9674==    by 0x5300887: gsl_vector_alloc (in /usr/lib/x86_64-linux-gnu/libgsl.so.19.3.0)
==9674==    by 0x524EDB1: ??? (in /usr/lib/x86_64-linux-gnu/libgsl.so.19.3.0)
==9674==    by 0x524D2EF: gsl_multimin_fminimizer_alloc (in /usr/lib/x86_64-linux-gnu/libgsl.so.19.3.0)
==9674==    by 0x1093B9: mlfit1sn_dot (mlfit1sn.c:196)
==9674==    by 0x109A9B: mlfit1sn (mlfit1sn.c:278)
==9674==    by 0x109A9B: unit_tests (mlfit1sn.c:346)
==9674==    by 0x57F73F0: (below main) (libc-start.c:291)
==9674== 
==9674== Conditional jump or move depends on uninitialised value(s)
==9674==    at 0x4E5C102: log (w_log.c:30)
==9674==    by 0x1090EF: my_f (mlfit1sn.c:135)
==9674==    by 0x524E44F: ??? (in /usr/lib/x86_64-linux-gnu/libgsl.so.19.3.0)
==9674==    by 0x524EAA8: ??? (in /usr/lib/x86_64-linux-gnu/libgsl.so.19.3.0)
==9674==    by 0x1093FB: mlfit1sn_dot (mlfit1sn.c:202)
==9674==    by 0x109A9B: mlfit1sn (mlfit1sn.c:278)
==9674==    by 0x109A9B: unit_tests (mlfit1sn.c:346)
==9674==    by 0x57F73F0: (below main) (libc-start.c:291)
==9674==  Uninitialised value was created by a heap allocation
==9674==    at 0x4C2DB2F: malloc (in /usr/lib/valgrind/vgpreload_memcheck-amd64-linux.so)
==9674==    by 0x519313C: gsl_block_alloc (in /usr/lib/x86_64-linux-gnu/libgsl.so.19.3.0)
==9674==    by 0x5300887: gsl_vector_alloc (in /usr/lib/x86_64-linux-gnu/libgsl.so.19.3.0)
==9674==    by 0x524EDB1: ??? (in /usr/lib/x86_64-linux-gnu/libgsl.so.19.3.0)
==9674==    by 0x524D2EF: gsl_multimin_fminimizer_alloc (in /usr/lib/x86_64-linux-gnu/libgsl.so.19.3.0)
==9674==    by 0x1093B9: mlfit1sn_dot (mlfit1sn.c:196)
==9674==    by 0x109A9B: mlfit1sn (mlfit1sn.c:278)
==9674==    by 0x109A9B: unit_tests (mlfit1sn.c:346)
==9674==    by 0x57F73F0: (below main) (libc-start.c:291)
==9674== 
==9674== Conditional jump or move depends on uninitialised value(s)
==9674==    at 0x524EABC: ??? (in /usr/lib/x86_64-linux-gnu/libgsl.so.19.3.0)
==9674==    by 0x1093FB: mlfit1sn_dot (mlfit1sn.c:202)
==9674==    by 0x109A9B: mlfit1sn (mlfit1sn.c:278)
==9674==    by 0x109A9B: unit_tests (mlfit1sn.c:346)
==9674==    by 0x57F73F0: (below main) (libc-start.c:291)
==9674==  Uninitialised value was created by a heap allocation
==9674==    at 0x4C2DB2F: malloc (in /usr/lib/valgrind/vgpreload_memcheck-amd64-linux.so)
==9674==    by 0x519313C: gsl_block_alloc (in /usr/lib/x86_64-linux-gnu/libgsl.so.19.3.0)
==9674==    by 0x5300887: gsl_vector_alloc (in /usr/lib/x86_64-linux-gnu/libgsl.so.19.3.0)
==9674==    by 0x524EDB1: ??? (in /usr/lib/x86_64-linux-gnu/libgsl.so.19.3.0)
==9674==    by 0x524D2EF: gsl_multimin_fminimizer_alloc (in /usr/lib/x86_64-linux-gnu/libgsl.so.19.3.0)
==9674==    by 0x1093B9: mlfit1sn_dot (mlfit1sn.c:196)
==9674==    by 0x109A9B: mlfit1sn (mlfit1sn.c:278)
==9674==    by 0x109A9B: unit_tests (mlfit1sn.c:346)
==9674==    by 0x57F73F0: (below main) (libc-start.c:291)
==9674== 
==9674== Conditional jump or move depends on uninitialised value(s)
==9674==    at 0x108F92: my_f (mlfit1sn.c:110)
==9674==    by 0x524EB8E: ??? (in /usr/lib/x86_64-linux-gnu/libgsl.so.19.3.0)
==9674==    by 0x1093FB: mlfit1sn_dot (mlfit1sn.c:202)
==9674==    by 0x109A9B: mlfit1sn (mlfit1sn.c:278)
==9674==    by 0x109A9B: unit_tests (mlfit1sn.c:346)
==9674==    by 0x57F73F0: (below main) (libc-start.c:291)
==9674==  Uninitialised value was created by a heap allocation
==9674==    at 0x4C2DB2F: malloc (in /usr/lib/valgrind/vgpreload_memcheck-amd64-linux.so)
==9674==    by 0x519313C: gsl_block_alloc (in /usr/lib/x86_64-linux-gnu/libgsl.so.19.3.0)
==9674==    by 0x51FF1D9: gsl_matrix_alloc (in /usr/lib/x86_64-linux-gnu/libgsl.so.19.3.0)
==9674==    by 0x524ED61: ??? (in /usr/lib/x86_64-linux-gnu/libgsl.so.19.3.0)
==9674==    by 0x524D2EF: gsl_multimin_fminimizer_alloc (in /usr/lib/x86_64-linux-gnu/libgsl.so.19.3.0)
==9674==    by 0x1093B9: mlfit1sn_dot (mlfit1sn.c:196)
==9674==    by 0x109A9B: mlfit1sn (mlfit1sn.c:278)
==9674==    by 0x109A9B: unit_tests (mlfit1sn.c:346)
==9674==    by 0x57F73F0: (below main) (libc-start.c:291)
==9674== 
==9674== Conditional jump or move depends on uninitialised value(s)
==9674==    at 0x108FA8: my_f (mlfit1sn.c:113)
==9674==    by 0x524EB8E: ??? (in /usr/lib/x86_64-linux-gnu/libgsl.so.19.3.0)
==9674==    by 0x1093FB: mlfit1sn_dot (mlfit1sn.c:202)
==9674==    by 0x109A9B: mlfit1sn (mlfit1sn.c:278)
==9674==    by 0x109A9B: unit_tests (mlfit1sn.c:346)
==9674==    by 0x57F73F0: (below main) (libc-start.c:291)
==9674==  Uninitialised value was created by a heap allocation
==9674==    at 0x4C2DB2F: malloc (in /usr/lib/valgrind/vgpreload_memcheck-amd64-linux.so)
==9674==    by 0x519313C: gsl_block_alloc (in /usr/lib/x86_64-linux-gnu/libgsl.so.19.3.0)
==9674==    by 0x51FF1D9: gsl_matrix_alloc (in /usr/lib/x86_64-linux-gnu/libgsl.so.19.3.0)
==9674==    by 0x524ED61: ??? (in /usr/lib/x86_64-linux-gnu/libgsl.so.19.3.0)
==9674==    by 0x524D2EF: gsl_multimin_fminimizer_alloc (in /usr/lib/x86_64-linux-gnu/libgsl.so.19.3.0)
==9674==    by 0x1093B9: mlfit1sn_dot (mlfit1sn.c:196)
==9674==    by 0x109A9B: mlfit1sn (mlfit1sn.c:278)
==9674==    by 0x109A9B: unit_tests (mlfit1sn.c:346)
==9674==    by 0x57F73F0: (below main) (libc-start.c:291)
==9674== 
==9674== Conditional jump or move depends on uninitialised value(s)
==9674==    at 0x4E510FA: erf (s_erf.c:202)
==9674==    by 0x10A9B4: gaussianInt2 (gaussianInt2.c:87)
==9674==    by 0x108FDD: my_f (mlfit1sn.c:118)
==9674==    by 0x524EB8E: ??? (in /usr/lib/x86_64-linux-gnu/libgsl.so.19.3.0)
==9674==    by 0x1093FB: mlfit1sn_dot (mlfit1sn.c:202)
==9674==    by 0x109A9B: mlfit1sn (mlfit1sn.c:278)
==9674==    by 0x109A9B: unit_tests (mlfit1sn.c:346)
==9674==    by 0x57F73F0: (below main) (libc-start.c:291)
==9674==  Uninitialised value was created by a heap allocation
==9674==    at 0x4C2DB2F: malloc (in /usr/lib/valgrind/vgpreload_memcheck-amd64-linux.so)
==9674==    by 0x519313C: gsl_block_alloc (in /usr/lib/x86_64-linux-gnu/libgsl.so.19.3.0)
==9674==    by 0x51FF1D9: gsl_matrix_alloc (in /usr/lib/x86_64-linux-gnu/libgsl.so.19.3.0)
==9674==    by 0x524ED61: ??? (in /usr/lib/x86_64-linux-gnu/libgsl.so.19.3.0)
==9674==    by 0x524D2EF: gsl_multimin_fminimizer_alloc (in /usr/lib/x86_64-linux-gnu/libgsl.so.19.3.0)
==9674==    by 0x1093B9: mlfit1sn_dot (mlfit1sn.c:196)
==9674==    by 0x109A9B: mlfit1sn (mlfit1sn.c:278)
==9674==    by 0x109A9B: unit_tests (mlfit1sn.c:346)
==9674==    by 0x57F73F0: (below main) (libc-start.c:291)
==9674== 
==9674== Conditional jump or move depends on uninitialised value(s)
==9674==    at 0x4E510FA: erf (s_erf.c:202)
==9674==    by 0x10A9ED: gaussianInt2 (gaussianInt2.c:88)
==9674==    by 0x108FDD: my_f (mlfit1sn.c:118)
==9674==    by 0x524EB8E: ??? (in /usr/lib/x86_64-linux-gnu/libgsl.so.19.3.0)
==9674==    by 0x1093FB: mlfit1sn_dot (mlfit1sn.c:202)
==9674==    by 0x109A9B: mlfit1sn (mlfit1sn.c:278)
==9674==    by 0x109A9B: unit_tests (mlfit1sn.c:346)
==9674==    by 0x57F73F0: (below main) (libc-start.c:291)
==9674==  Uninitialised value was created by a heap allocation
==9674==    at 0x4C2DB2F: malloc (in /usr/lib/valgrind/vgpreload_memcheck-amd64-linux.so)
==9674==    by 0x519313C: gsl_block_alloc (in /usr/lib/x86_64-linux-gnu/libgsl.so.19.3.0)
==9674==    by 0x51FF1D9: gsl_matrix_alloc (in /usr/lib/x86_64-linux-gnu/libgsl.so.19.3.0)
==9674==    by 0x524ED61: ??? (in /usr/lib/x86_64-linux-gnu/libgsl.so.19.3.0)
==9674==    by 0x524D2EF: gsl_multimin_fminimizer_alloc (in /usr/lib/x86_64-linux-gnu/libgsl.so.19.3.0)
==9674==    by 0x1093B9: mlfit1sn_dot (mlfit1sn.c:196)
==9674==    by 0x109A9B: mlfit1sn (mlfit1sn.c:278)
==9674==    by 0x109A9B: unit_tests (mlfit1sn.c:346)
==9674==    by 0x57F73F0: (below main) (libc-start.c:291)
==9674== 
==9674== Conditional jump or move depends on uninitialised value(s)
==9674==    at 0x4E5C0E8: log (w_log.c:28)
==9674==    by 0x1090EF: my_f (mlfit1sn.c:135)
==9674==    by 0x524EB8E: ??? (in /usr/lib/x86_64-linux-gnu/libgsl.so.19.3.0)
==9674==    by 0x1093FB: mlfit1sn_dot (mlfit1sn.c:202)
==9674==    by 0x109A9B: mlfit1sn (mlfit1sn.c:278)
==9674==    by 0x109A9B: unit_tests (mlfit1sn.c:346)
==9674==    by 0x57F73F0: (below main) (libc-start.c:291)
==9674==  Uninitialised value was created by a heap allocation
==9674==    at 0x4C2DB2F: malloc (in /usr/lib/valgrind/vgpreload_memcheck-amd64-linux.so)
==9674==    by 0x519313C: gsl_block_alloc (in /usr/lib/x86_64-linux-gnu/libgsl.so.19.3.0)
==9674==    by 0x51FF1D9: gsl_matrix_alloc (in /usr/lib/x86_64-linux-gnu/libgsl.so.19.3.0)
==9674==    by 0x524ED61: ??? (in /usr/lib/x86_64-linux-gnu/libgsl.so.19.3.0)
==9674==    by 0x524D2EF: gsl_multimin_fminimizer_alloc (in /usr/lib/x86_64-linux-gnu/libgsl.so.19.3.0)
==9674==    by 0x1093B9: mlfit1sn_dot (mlfit1sn.c:196)
==9674==    by 0x109A9B: mlfit1sn (mlfit1sn.c:278)
==9674==    by 0x109A9B: unit_tests (mlfit1sn.c:346)
==9674==    by 0x57F73F0: (below main) (libc-start.c:291)
==9674== 
==9674== Conditional jump or move depends on uninitialised value(s)
==9674==    at 0x4E5C100: log (w_log.c:30)
==9674==    by 0x1090EF: my_f (mlfit1sn.c:135)
==9674==    by 0x524EB8E: ??? (in /usr/lib/x86_64-linux-gnu/libgsl.so.19.3.0)
==9674==    by 0x1093FB: mlfit1sn_dot (mlfit1sn.c:202)
==9674==    by 0x109A9B: mlfit1sn (mlfit1sn.c:278)
==9674==    by 0x109A9B: unit_tests (mlfit1sn.c:346)
==9674==    by 0x57F73F0: (below main) (libc-start.c:291)
==9674==  Uninitialised value was created by a heap allocation
==9674==    at 0x4C2DB2F: malloc (in /usr/lib/valgrind/vgpreload_memcheck-amd64-linux.so)
==9674==    by 0x519313C: gsl_block_alloc (in /usr/lib/x86_64-linux-gnu/libgsl.so.19.3.0)
==9674==    by 0x51FF1D9: gsl_matrix_alloc (in /usr/lib/x86_64-linux-gnu/libgsl.so.19.3.0)
==9674==    by 0x524ED61: ??? (in /usr/lib/x86_64-linux-gnu/libgsl.so.19.3.0)
==9674==    by 0x524D2EF: gsl_multimin_fminimizer_alloc (in /usr/lib/x86_64-linux-gnu/libgsl.so.19.3.0)
==9674==    by 0x1093B9: mlfit1sn_dot (mlfit1sn.c:196)
==9674==    by 0x109A9B: mlfit1sn (mlfit1sn.c:278)
==9674==    by 0x109A9B: unit_tests (mlfit1sn.c:346)
==9674==    by 0x57F73F0: (below main) (libc-start.c:291)
==9674== 
==9674== Conditional jump or move depends on uninitialised value(s)
==9674==    at 0x4E5C102: log (w_log.c:30)
==9674==    by 0x1090EF: my_f (mlfit1sn.c:135)
==9674==    by 0x524EB8E: ??? (in /usr/lib/x86_64-linux-gnu/libgsl.so.19.3.0)
==9674==    by 0x1093FB: mlfit1sn_dot (mlfit1sn.c:202)
==9674==    by 0x109A9B: mlfit1sn (mlfit1sn.c:278)
==9674==    by 0x109A9B: unit_tests (mlfit1sn.c:346)
==9674==    by 0x57F73F0: (below main) (libc-start.c:291)
==9674==  Uninitialised value was created by a heap allocation
==9674==    at 0x4C2DB2F: malloc (in /usr/lib/valgrind/vgpreload_memcheck-amd64-linux.so)
==9674==    by 0x519313C: gsl_block_alloc (in /usr/lib/x86_64-linux-gnu/libgsl.so.19.3.0)
==9674==    by 0x51FF1D9: gsl_matrix_alloc (in /usr/lib/x86_64-linux-gnu/libgsl.so.19.3.0)
==9674==    by 0x524ED61: ??? (in /usr/lib/x86_64-linux-gnu/libgsl.so.19.3.0)
==9674==    by 0x524D2EF: gsl_multimin_fminimizer_alloc (in /usr/lib/x86_64-linux-gnu/libgsl.so.19.3.0)
==9674==    by 0x1093B9: mlfit1sn_dot (mlfit1sn.c:196)
==9674==    by 0x109A9B: mlfit1sn (mlfit1sn.c:278)
==9674==    by 0x109A9B: unit_tests (mlfit1sn.c:346)
==9674==    by 0x57F73F0: (below main) (libc-start.c:291)
==9674== 
==9674== Conditional jump or move depends on uninitialised value(s)
==9674==    at 0x55A6C92: cblas_dnrm2 (in /usr/lib/x86_64-linux-gnu/libgslcblas.so.0.0.0)
==9674==    by 0x524E141: ??? (in /usr/lib/x86_64-linux-gnu/libgsl.so.19.3.0)
==9674==    by 0x524EBED: ??? (in /usr/lib/x86_64-linux-gnu/libgsl.so.19.3.0)
==9674==    by 0x1093FB: mlfit1sn_dot (mlfit1sn.c:202)
==9674==    by 0x109A9B: mlfit1sn (mlfit1sn.c:278)
==9674==    by 0x109A9B: unit_tests (mlfit1sn.c:346)
==9674==    by 0x57F73F0: (below main) (libc-start.c:291)
==9674==  Uninitialised value was created by a heap allocation
==9674==    at 0x4C2DB2F: malloc (in /usr/lib/valgrind/vgpreload_memcheck-amd64-linux.so)
==9674==    by 0x519313C: gsl_block_alloc (in /usr/lib/x86_64-linux-gnu/libgsl.so.19.3.0)
==9674==    by 0x51FF1D9: gsl_matrix_alloc (in /usr/lib/x86_64-linux-gnu/libgsl.so.19.3.0)
==9674==    by 0x524ED61: ??? (in /usr/lib/x86_64-linux-gnu/libgsl.so.19.3.0)
==9674==    by 0x524D2EF: gsl_multimin_fminimizer_alloc (in /usr/lib/x86_64-linux-gnu/libgsl.so.19.3.0)
==9674==    by 0x1093B9: mlfit1sn_dot (mlfit1sn.c:196)
==9674==    by 0x109A9B: mlfit1sn (mlfit1sn.c:278)
==9674==    by 0x109A9B: unit_tests (mlfit1sn.c:346)
==9674==    by 0x57F73F0: (below main) (libc-start.c:291)
==9674== 
==9674== Conditional jump or move depends on uninitialised value(s)
==9674==    at 0x55A6C94: cblas_dnrm2 (in /usr/lib/x86_64-linux-gnu/libgslcblas.so.0.0.0)
==9674==    by 0x524E141: ??? (in /usr/lib/x86_64-linux-gnu/libgsl.so.19.3.0)
==9674==    by 0x524EBED: ??? (in /usr/lib/x86_64-linux-gnu/libgsl.so.19.3.0)
==9674==    by 0x1093FB: mlfit1sn_dot (mlfit1sn.c:202)
==9674==    by 0x109A9B: mlfit1sn (mlfit1sn.c:278)
==9674==    by 0x109A9B: unit_tests (mlfit1sn.c:346)
==9674==    by 0x57F73F0: (below main) (libc-start.c:291)
==9674==  Uninitialised value was created by a heap allocation
==9674==    at 0x4C2DB2F: malloc (in /usr/lib/valgrind/vgpreload_memcheck-amd64-linux.so)
==9674==    by 0x519313C: gsl_block_alloc (in /usr/lib/x86_64-linux-gnu/libgsl.so.19.3.0)
==9674==    by 0x51FF1D9: gsl_matrix_alloc (in /usr/lib/x86_64-linux-gnu/libgsl.so.19.3.0)
==9674==    by 0x524ED61: ??? (in /usr/lib/x86_64-linux-gnu/libgsl.so.19.3.0)
==9674==    by 0x524D2EF: gsl_multimin_fminimizer_alloc (in /usr/lib/x86_64-linux-gnu/libgsl.so.19.3.0)
==9674==    by 0x1093B9: mlfit1sn_dot (mlfit1sn.c:196)
==9674==    by 0x109A9B: mlfit1sn (mlfit1sn.c:278)
==9674==    by 0x109A9B: unit_tests (mlfit1sn.c:346)
==9674==    by 0x57F73F0: (below main) (libc-start.c:291)
==9674== 
==9674== Conditional jump or move depends on uninitialised value(s)
==9674==    at 0x524EBF6: ??? (in /usr/lib/x86_64-linux-gnu/libgsl.so.19.3.0)
==9674==    by 0x1093FB: mlfit1sn_dot (mlfit1sn.c:202)
==9674==    by 0x109A9B: mlfit1sn (mlfit1sn.c:278)
==9674==    by 0x109A9B: unit_tests (mlfit1sn.c:346)
==9674==    by 0x57F73F0: (below main) (libc-start.c:291)
==9674==  Uninitialised value was created by a heap allocation
==9674==    at 0x4C2DB2F: malloc (in /usr/lib/valgrind/vgpreload_memcheck-amd64-linux.so)
==9674==    by 0x519313C: gsl_block_alloc (in /usr/lib/x86_64-linux-gnu/libgsl.so.19.3.0)
==9674==    by 0x51FF1D9: gsl_matrix_alloc (in /usr/lib/x86_64-linux-gnu/libgsl.so.19.3.0)
==9674==    by 0x524ED61: ??? (in /usr/lib/x86_64-linux-gnu/libgsl.so.19.3.0)
==9674==    by 0x524D2EF: gsl_multimin_fminimizer_alloc (in /usr/lib/x86_64-linux-gnu/libgsl.so.19.3.0)
==9674==    by 0x1093B9: mlfit1sn_dot (mlfit1sn.c:196)
==9674==    by 0x109A9B: mlfit1sn (mlfit1sn.c:278)
==9674==    by 0x109A9B: unit_tests (mlfit1sn.c:346)
==9674==    by 0x57F73F0: (below main) (libc-start.c:291)
==9674== 
==9674== Invalid write of size 8
==9674==    at 0x10949F: mlfit1sn_dot (mlfit1sn.c:224)
==9674==    by 0x109A9B: mlfit1sn (mlfit1sn.c:278)
==9674==    by 0x109A9B: unit_tests (mlfit1sn.c:346)
==9674==    by 0x57F73F0: (below main) (libc-start.c:291)
==9674==  Address 0x5babf80 is 0 bytes after a block of size 32,000 alloc'd
==9674==    at 0x4C2DB2F: malloc (in /usr/lib/valgrind/vgpreload_memcheck-amd64-linux.so)
==9674==    by 0x109719: unit_tests (mlfit1sn.c:312)
==9674==    by 0x57F73F0: (below main) (libc-start.c:291)
==9674== 
==9674== Invalid write of size 8
==9674==    at 0x1094AE: mlfit1sn_dot (mlfit1sn.c:225)
==9674==    by 0x109A9B: mlfit1sn (mlfit1sn.c:278)
==9674==    by 0x109A9B: unit_tests (mlfit1sn.c:346)
==9674==    by 0x57F73F0: (below main) (libc-start.c:291)
==9674==  Address 0x5babf88 is 8 bytes after a block of size 32,000 alloc'd
==9674==    at 0x4C2DB2F: malloc (in /usr/lib/valgrind/vgpreload_memcheck-amd64-linux.so)
==9674==    by 0x109719: unit_tests (mlfit1sn.c:312)
==9674==    by 0x57F73F0: (below main) (libc-start.c:291)
==9674== 
==9674== Invalid write of size 8
==9674==    at 0x1094BB: mlfit1sn_dot (mlfit1sn.c:226)
==9674==    by 0x109A9B: mlfit1sn (mlfit1sn.c:278)
==9674==    by 0x109A9B: unit_tests (mlfit1sn.c:346)
==9674==    by 0x57F73F0: (below main) (libc-start.c:291)
==9674==  Address 0x5babf90 is 16 bytes after a block of size 32,000 alloc'd
==9674==    at 0x4C2DB2F: malloc (in /usr/lib/valgrind/vgpreload_memcheck-amd64-linux.so)
==9674==    by 0x109719: unit_tests (mlfit1sn.c:312)
==9674==    by 0x57F73F0: (below main) (libc-start.c:291)
==9674== 
==9674== Invalid write of size 8
==9674==    at 0x1094C9: mlfit1sn_dot (mlfit1sn.c:227)
==9674==    by 0x109A9B: mlfit1sn (mlfit1sn.c:278)
==9674==    by 0x109A9B: unit_tests (mlfit1sn.c:346)
==9674==    by 0x57F73F0: (below main) (libc-start.c:291)
==9674==  Address 0x5babf98 is 24 bytes after a block of size 32,000 in arena "client"
==9674== 

valgrind: m_mallocfree.c:303 (get_bszB_as_is): Assertion 'bszB_lo == bszB_hi' failed.
valgrind: Heap block lo/hi size mismatch: lo = 32064, hi = 4617315517961601024.
This is probably caused by your program erroneously writing past the
end of a heap block and corrupting heap metadata.  If you fix any
invalid writes reported by Memcheck, this assertion failure will
probably go away.  Please try that before reporting this as a bug.


host stacktrace:
==9674==    at 0x38089EAA: ??? (in /usr/lib/valgrind/memcheck-amd64-linux)
==9674==    by 0x38089FC4: ??? (in /usr/lib/valgrind/memcheck-amd64-linux)
==9674==    by 0x3808A15A: ??? (in /usr/lib/valgrind/memcheck-amd64-linux)
==9674==    by 0x380988D2: ??? (in /usr/lib/valgrind/memcheck-amd64-linux)
==9674==    by 0x38082F0A: ??? (in /usr/lib/valgrind/memcheck-amd64-linux)
==9674==    by 0x38081603: ??? (in /usr/lib/valgrind/memcheck-amd64-linux)
==9674==    by 0x38085D0D: ??? (in /usr/lib/valgrind/memcheck-amd64-linux)
==9674==    by 0x380808DB: ??? (in /usr/lib/valgrind/memcheck-amd64-linux)
==9674==    by 0x808E0D328: ???
==9674==    by 0x808CA9F2F: ???
==9674==    by 0x8020085AF: ???
==9674==    by 0x8020085AF: ???
==9674==    by 0x808CA9F2F: ???
==9674==    by 0x1BFF: ???

sched status:
  running_tid=1

Thread 1: status = VgTs_Runnable (lwpid 9674)
==9674==    at 0x1094D5: mlfit1sn_dot (mlfit1sn.c:228)
==9674==    by 0x109A9B: mlfit1sn (mlfit1sn.c:278)
==9674==    by 0x109A9B: unit_tests (mlfit1sn.c:346)
==9674==    by 0x57F73F0: (below main) (libc-start.c:291)


Note: see also the FAQ in the source distribution.
It contains workarounds to several common problems.
In particular, if Valgrind aborted or crashed after
identifying problems in your program, there's a good chance
that fixing those problems will prevent Valgrind aborting or
crashing, especially if it happened in m_mallocfree.c.

If that doesn't help, please report this bug to: www.valgrind.org

In the bug report, send all the above text, the valgrind
version, and what OS and version you are using.  Thanks.

